Unity Player [version: Unity 5.4.3f1_01f4c123905a]

VRifyData.exe caused an Access Violation (0xc0000005)
  in module VRifyData.exe at 0023:006ed1d6.

Error occurred at 2016-11-19_235404.
C:\Users\Simon\Desktop\wildhacks\Vrifydata\VRifyData.exe, run by Simon.
22% memory in use.
0 MB physical memory [0 MB free].
0 MB paging file [0 MB free].
0 MB user address space [3717 MB free].
Read from location 000005d4 caused an access violation.

Context:
EDI:    0x00000000  ESI: 0x04425fd0  EAX:   0x013fd998
EBX:    0x000a118b  ECX: 0x00000000  EDX:   0x00000002
EIP:    0x006ed1d6  EBP: 0x013fd984  SegCs: 0x00000023
EFlags: 0x00210287  ESP: 0x013fd980  SegSs: 0x0000002b

Bytes at CS:EIP:
83 bf d4 05 00 00 00 75 07 32 c0 5f 5d c2 04 00 

Stack:
0x013fd980: 00f0c1b5 013fd9b4 006d4a89 013fd998 ......?..Jm...?.
0x013fd990: 00000003 04425fd0 666e6f63 00006769 ....._B.config..
0x013fd9a0: 013fd9a8 013fd9cc 00000006 0000000f ..?...?.........
0x013fd9b0: 00130000 013fd9bc 006d3ce7 013fd9d4 ......?..<m...?.
0x013fd9c0: 006d3e06 00000002 006d61b0 00000000 .>m......am.....
0x013fd9d0: 01083670 013fd9f0 006d620f 00000003 p6....?..bm.....
0x013fd9e0: 4f3f4cf3 4f3f4cf3 000a118b 00000000 .L?O.L?O........
0x013fd9f0: 013fda24 006d2c75 04425fd0 00000003 $.?.u,m.._B.....
0x013fda00: 4f3f4cf3 4f3f4cf3 000a118b 00000000 .L?O.L?O........
0x013fda10: 00000003 04425f78 00000000 01083670 ....x_B.....p6..
0x013fda20: 00000000 013fda8c 006d3964 00000003 ......?.d9m.....
0x013fda30: 4f3f4cf3 4f3f4cf3 000a118b 00000000 .L?O.L?O........
0x013fda40: 01083974 00000000 01083974 013fda74 t9......t9..t.?.
0x013fda50: 0fda2976 00000000 00000000 03dc7e30 v)..........0~..
0x013fda60: 013fda70 00000000 013fdaa0 00000000 p.?.......?.....
0x013fda70: 00000000 013fda84 001f8586 00000000 ......?.........
0x013fda80: 013fdaa0 804c6e1c 00000000 013fda98 ..?..nL.......?.
0x013fda90: 006d3987 00000003 013fdab4 001c7691 .9m.......?..v..
0x013fdaa0: 04425f78 00000000 00000000 00000006 x_B.............
0x013fdab0: 00000000 013fdad4 002fa43f 00000000 ......?.?./.....
0x013fdac0: 03dbdfc0 00000000 fffffffe 013fdb1c ..............?.
0x013fdad0: 00392bb4 013fdb1c 00392945 00000000 .+9...?.E)9.....
0x013fdae0: 00000001 00000000 00200001 00392600 .......... ..&9.
0x013fdaf0: 776a2f60 5e851bb5 00000020 00000000 `/jw...^ .......
0x013fdb00: 7768a843 020cd550 00000000 0000001c C.hwP...........
0x013fdb10: 00000001 00000000 00000000 013fdb48 ............H.?.
0x013fdb20: 771bd2b3 002d07fc 00000006 00200001 ...w..-....... .
0x013fdb30: 00000000 00200001 dcbaabcd 00392600 ...... ......&9.
0x013fdb40: 00000000 00200001 013fdc30 7719e88a ...... .0.?....w
0x013fdb50: 00392600 002d07fc 00000006 00200001 .&9...-....... .
0x013fdb60: 00000000 5e851d69 00000000 00000000 ....i..^........
0x013fdb70: 00000006 00020000 00000000 00000000 ................
0x013fdb80: 75f3f11a 07195a68 07195a6c 00000000 ...uhZ..lZ......
0x013fdb90: 00000000 63f58256 013fdbc8 7616dfac ....V..c..?....v
0x013fdba0: 071440f0 013ff0f8 75f3f104 75f13b78 .@....?....ux;.u
0x013fdbb0: 00000024 00000001 00000000 00000000 $...............
0x013fdbc0: 00000030 ffffffff ffffffff 7719e71c 0..............w
0x013fdbd0: 00000000 00000000 00000000 00000000 ................
0x013fdbe0: 00000000 00000000 00392600 00000000 .........&9.....
0x013fdbf0: 01e709f8 00000000 80000011 00000000 ................
0x013fdc00: 00000000 80000011 00000000 00000001 ................
0x013fdc10: 002d07fc 5e851d69 00000000 013fd3b0 ..-.i..^......?.
0x013fdc20: 013fdc80 771c15b0 28998e99 00000000 ..?....w...(....
0x013fdc30: 013fdc90 7719e4c0 00392600 00000000 ..?....w.&9.....
0x013fdc40: 00000006 00200001 00000000 01586000 ...... ......`X.
0x013fdc50: 00000001 5e851dc9 013fddf4 776e1bf0 .......^..?...nw
0x013fdc60: 00000000 00000000 776ce2cc 00000000 ..........lw....
0x013fdc70: 002d07fc 00000000 013fdc54 013fd3b0 ..-.....T.?...?.
0x013fdc80: 013fdce0 771c15b0 28998ef9 fffffffe ..?....w...(....
0x013fdc90: 013fdcd0 771a8b09 02043070 00000000 ..?....wp0......
0x013fdca0: 00000006 00200001 00000000 00392600 ...... ......&9.
0x013fdcb0: 00000400 00000001 00000000 00000000 ................
0x013fdcc0: 01585000 00000000 00000000 5e851d89 .PX............^
0x013fdcd0: 013fdd3c 776d0006 013fdcec 00000020 <.?...mw..?. ...
0x013fdce0: 013fddbc 776cff50 013fdd10 02043070 ..?.P.lw..?.p0..
0x013fdcf0: 00000000 00000006 00200001 00000000 .......... .....
0x013fdd00: 00392600 776e1bf0 00000000 7665249c .&9...nw.....$ev
0x013fdd10: 771a6ad7 013fddf4 000c0a54 00000400 .j.w..?.T.......
0x013fdd20: 00007fff 00000003 013fe098 01586000 ..........?..`X.
0x013fdd30: 013fe098 071440f0 02000002 013fdd74 ..?..@......t.?.
0x013fdd40: 771a6a6d 00000400 00007fff 00000003 mj.w............
0x013fdd50: 00000000 013fe098 013fddf4 013fe098 ......?...?...?.
0x013fdd60: 409508ca 0000002d db0000db 01586000 ...@-........`X.
0x013fdd70: 00000031 013fddcc 75fd08f6 013fddf4 1.....?....u..?.
0x013fdd80: 000c0a54 00000400 00007fff 00000003 T...............
0x013fdd90: e6d040ec 013fe098 00000000 00000002 .@....?.........
0x013fdda0: 017701d0 776a8539 40950bd6 013fe098 ..w.9.jw...@..?.
0x013fddb0: 00000000 013fdd90 02000002 013fe6b0 ......?.......?.
0x013fddc0: 7601ff90 91e19bd0 00000000 013fde10 ...v..........?.
0x013fddd0: 75fd0b9f 013fddf4 000c0a54 00000400 ...u..?.T.......
0x013fdde0: 00007fff 00000003 00528936 013fe098 ........6.R...?.
0x013fddf0: 7643d650 d046182e 766524ac 771a85f6 P.Cv..F..$ev...w
0x013fde00: 00005dff 771a8600 5e851f55 00000040 .].....wU..^@...
0x013fde10: 013fde34 75fd10b5 017b4ac8 07193f40 4.?....u.J{.@?..
0x013fde20: 013fe098 07193f40 00528936 ffffffff ..?.@?..6.R.....
0x013fde30: e6d04314 013fdef4 75fbe641 013fde80 .C....?.A..u..?.
0x013fde40: 00000002 013fde78 017b4ac8 0177dea8 ....x.?..J{...w.
0x013fde50: 07143640 776a7a71 01770000 017b4ac8 @6..qzjw..w..J{.
0x013fde60: 00000002 07143f64 00000000 013fe1c4 ....d?........?.
0x013fde70: 00000000 07193f40 ffffffff 013fe098 ....@?........?.
0x013fde80: 00000b84 00000b94 776a799d 00000000 .........yjw....
0x013fde90: 00000000 00000000 00000000 ffffff00 ................
0x013fdea0: 00000000 00000000 00000000 00000000 ................
0x013fdeb0: 01770000 00000000 07147940 75f7e6a7 ..w.....@y.....u
0x013fdec0: e6d043e4 013fded0 7601f603 07147940 .C....?....v@y..
0x013fded0: 013fdee8 75f9d8f1 07147940 00000136 ..?....u@y..6...
0x013fdee0: 00000000 000000c0 46000000 e6d04374 ...........FtC..
0x013fdef0: 00000001 013fe008 75fcfbf6 07143f64 ......?....ud?..
0x013fdf00: 75fcfa50 013fe1c4 017b4ac8 75f9b1ee P..u..?..J{....u
0x013fdf10: 013fe19c 00000000 013fe1c4 00000000 ..?.......?.....
0x013fdf20: 013fe1c4 07148e00 00000000 00000000 ..?.............
0x013fdf30: 00528936 00000000 00000000 ffffffff 6.R.............
0x013fdf40: ffffffff 00000000 00000000 00000000 ................
0x013fdf50: 00000000 00000000 00000000 01775860 ............`Xw.
0x013fdf60: 00000136 00000000 000000c0 46000000 6..............F
0x013fdf70: e6d042ac e7da6605 00000272 e7da6605 .B...f..r....f..
0x013fdf80: 8b36b56c 013fdfb8 776b69c9 75f455e8 l.6...?..ikw.U.u
0x013fdf90: 0000001e 012b0b54 0000001e 00000001 ....T.+.........
0x013fdfa0: 012a0000 013fdff4 00000000 75f455e8 ..*...?......U.u
0x013fdfb0: 012a32bc 012a0000 013fdfd4 776b68c6 .2*...*...?..hkw
0x013fdfc0: 0000001e 013fe00f 75f1c608 012a0000 ......?....u..*.
0x013fdfd0: 00000040 013fdffc 77698cf6 00000000 @.....?...iw....
0x013fdfe0: 013fe00f 013fdff4 00005dff 0177dea8 ..?...?..]....w.
0x013fdff0: 017b4ac8 00140014 012a9388 013fe010 .J{.......*...?.
0x013fe000: 760209bd e6d0422c 013fe178 75fcf4df ...v,B..x.?....u
0x013fe010: 013fe1c4 013fe19c 017b4ac8 013fe2b0 ..?...?..J{...?.
0x013fe020: 013fe1c4 c872508f 00000000 013fe1c4 ..?..Pr.......?.
0x013fe030: 013fe19c 00000000 0177dea8 00000000 ..?.......w.....
0x013fe040: 000000c0 46000000 574f454d 00000004 .......FMEOW....
0x013fe050: 000001a2 00000000 000000c0 46000000 ...............F
0x013fe060: 00000338 00000000 000000c0 46000000 8..............F
0x013fe070: 00000000 00001100 00000010 75f3f654 ............T..u
0x013fe080: 75f987c0 75f9892c e6d07dac 013fe0bc ...u,..u.}....?.
0x013fe090: 75f992ae 75f3f654 75f14b7c 07148288 ...uT..u|K.u....
0x013fe0a0: 00000000 00000000 00000000 00000000 ................
0x013fe0b0: 80010115 07148df8 00000000 00000000 ................
0x013fe0c0: 00000000 00000000 00000000 00000000 ................
0x013fe0d0: 00005dff 6140dbc8 4286f7c1 a9757481 .]....@a...B.tu.
0x013fe0e0: 890a2416 00000000 00000000 776a7910 .$...........yjw
0x013fe0f0: 00528936 00000000 00000000 00000000 6.R.............
0x013fe100: 00000000 071478b0 00000000 00000000 .....x..........
0x013fe110: 00000000 00000000 00000000 013fe128 ............(.?.
0x013fe120: 7601f603 07148e00 013fe178 760049bd ...v....x.?..I.v
0x013fe130: 07148e00 0000001c 013fe2b0 76004820 ..........?. H.v
0x013fe140: 760049af 00001130 00000000 07194184 .I.v0........A..
0x013fe150: 07194180 00001158 00000000 013fe164 .A..X.......d.?.
0x013fe160: 013febf4 000001a2 00000000 000000c0 ..?.............
0x013fe170: 46000000 e6d07d04 013fe1a4 75f33015 ...F.}....?..0.u
0x013fe180: 013fe1c4 013fe19c 013febf4 013fe3f0 ..?...?...?...?.
0x013fe190: 75f32f40 017b4ac8 013fe1c4 00000000 @/.u.J{...?.....
0x013fe1a0: e6d07c84 013fe6c0 76135a9a 07144584 .|....?..Z.v.E..
0x013fe1b0: 013fe2b0 63f5bf0e 00000000 013fe6f8 ..?....c......?.
0x013fe1c0: 013feb6c 017b4ac8 00000010 00000000 l.?..J{.........
0x013fe1d0: 00001140 00008004 00000000 0714de60 @...........`...
0x013fe1e0: 013fe628 013fe450 760e7d08 00000000 (.?.P.?..}.v....
0x013fe1f0: 013febf4 75f5f64a 00000000 01588000 ..?.J..u......X.
0x013fe200: 00000000 00000000 013fe444 0177dea8 ........D.?...w.
0x013fe210: 00000014 00000001 013fe444 75f64302 ........D.?..C.u
0x013fe220: 00000000 760e7d08 00000000 013fe2b0 .....}.v......?.
0x013fe230: 013fe2b0 00000000 75f5f64a 00000000 ..?.....J..u....
0x013fe240: 00000000 00000000 01588000 00000000 ..........X.....
0x013fe250: 00000000 013fe2b0 00000000 013fe2b0 ......?.......?.
0x013fe260: 013febf4 00000000 017b5218 01770000 ..?......R{...w.
0x013fe270: 0000000c 00000000 00000000 75f1afc8 ...............u
0x013fe280: 013fe368 761667b0 00000004 00000000 h.?..g.v........
0x013fe290: 017b5218 07162ce0 071842d0 01770000 .R{..,...B....w.
0x013fe2a0: 00000004 013febf4 00000000 00000001 ......?.........
0x013fe2b0: 013fe1c4 071952b8 00000000 00000000 ..?..R..........
0x013fe2c0: 00000000 00001168 00000000 00000000 ....h...........
0x013fe2d0: 00000001 00000000 00000000 00000000 ................
0x013fe2e0: 00000000 00000000 0001000c 00000000 ................
0x013fe2f0: 00000000 00000000 76020570 76020560 ........p..v`..v
0x013fe300: 013fe6f8 00000000 00000000 00000000 ..?.............
0x013fe310: 75f1bc00 00000000 00000000 00000000 ...u............
0x013fe320: 00000140 00000000 00000000 00000000 @...............
0x013fe330: 00000000 07080fe0 00000000 00000000 ................
0x013fe340: 00000000 00000000 00000000 00000003 ................
0x013fe350: 013fd170 00000000 00000000 00000000 p.?.............
0x013fe360: 00000000 00000000 00000000 00000000 ................
0x013fe370: 00000000 013fe3f0 00000000 00000000 ......?.........
0x013fe380: 00000000 00000000 00000000 76152d4c ............L-.v
0x013fe390: 07144024 07143fa0 017b5254 00000060 $@...?..TR{.`...
0x013fe3a0: 00000001 00000000 75f5dbb2 07148d10 ...........u....
0x013fe3b0: 76152bad 013febf4 00000000 00000000 .+.v..?.........
0x013fe3c0: 00000000 75f43c44 00000000 013fe3f0 ....D<.u......?.
0x013fe3d0: 00000000 00000000 07144584 07185138 .........E..8Q..
0x013fe3e0: 75f43c44 013fe2b0 00000004 75f5f64a D<.u..?.....J..u
0x013fe3f0: 8a885d04 0000006c 75f43c36 75f43c2c .]..l...6<.u,<.u
0x013fe400: 00000004 75f43c44 013fe6f8 00000c33 ....D<.u..?.3...
0x013fe410: 00000000 75f43c36 75f5dbb2 00000022 ....6<.u...u"...
0x013fe420: 00000000 00000000 00000000 00000001 ................
0x013fe430: 00000014 00000000 00000000 00000000 ................
0x013fe440: 00000000 7614b520 00000000 00000000 .... ..v........
0x013fe450: 00000000 00000000 7616f2b0 7616f3a0 ...........v...v
0x013fe460: 00000000 00000000 00000000 00000000 ................
0x013fe470: 00000000 00000000 00000000 00000000 ................
0x013fe480: 00000000 013fe498 013fe488 013fe488 ......?...?...?.
0x013fe490: 000001f8 00000000 00000011 00000001 ................
0x013fe4a0: 07144024 07143fa0 00000000 013fe4cc $@...?........?.
0x013fe4b0: 7615bc32 07144024 07143fa0 0000000a 2..v$@...?......
0x013fe4c0: 00000000 00000000 00000000 013fe55c ............\.?.
0x013fe4d0: 76151418 75f40718 00000006 0000000a ...v...u........
0x013fe4e0: 00000000 00000000 00000000 00000000 ................
0x013fe4f0: 00000003 00000000 00000001 00000001 ................
0x013fe500: 00000000 00000000 00000000 00000000 ................
0x013fe510: 00000001 00000000 00000000 00000000 ................
0x013fe520: 76151431 013ff594 00000000 776a68d7 1..v..?......hjw
0x013fe530: 409533f6 00000e50 01770000 00000e48 .3.@P.....w.H...
0x013fe540: 00000001 00000000 02000002 00000000 ................
0x013fe550: 31000031 00000006 63f5bc92 013fe630 1..1.......c0.?.
0x013fe560: 02000002 07143fa0 de0001df 00000000 .....?..........
0x013fe570: 75f8d681 ffffffeb 01774be4 75f8d227 ...u.....Kw.'..u
0x013fe580: 75f3f6cc 07080f80 75f8d23a 07143ea4 ...u....:..u.>..
0x013fe590: 16000016 07080fe0 01844080 071930f0 .........@...0..
0x013fe5a0: e6d07b30 00000000 00000000 000001c8 0{..............
0x013fe5b0: 75f40718 00000006 0000000a 00000014 ...u............
0x013fe5c0: 01770000 00000001 01770284 00000000 ..w.......w.....
0x013fe5d0: 00000000 000007ff 000001df 017700c0 ..............w.
0x013fe5e0: 017758ac 00000000 00000000 00000004 .Xw.............
0x013fe5f0: 00000e50 013fe624 00000016 00000000 P...$.?.........
0x013fe600: 0000015f 00000000 01000100 00000001 _...............
0x013fe610: 000001df 017700c0 00000001 00000000 ......w.........
0x013fe620: 00000000 071930e8 071930e8 00180002 .....0...0......
0x013fe630: 071930f0 071930f0 fffffffe 00000015 .0...0..........
0x013fe640: 00143f24 00200000 00000015 00000003 $?.... .........
0x013fe650: 00000000 00003ea0 017700c0 00000000 .....>....w.....
0x013fe660: 00000015 01770260 e6d07b4c 00000001 ....`.w.L{......
0x013fe670: 013ff594 776d5ef0 36dfac06 fffffffe ..?..^mw...6....
0x013fe680: 013fe6c0 776a5125 00000e48 00000e50 ..?.%QjwH...P...
0x013fe690: 01775e9c 00000000 75f3ed58 013fea20 .^w.....X..u .?.
0x013fe6a0: 013fe6c4 63f5bf0e 013fe1b4 00000000 ..?....c..?.....
0x013fe6b0: 013ff594 76174aa0 14d7f9ee 00000001 ..?..J.v........
0x013fe6c0: 013fe6e0 75f33a90 75f1bc00 75f43c2c ..?..:.u...u,<.u
0x013fe6d0: 013fe6f8 75f1f004 013febf4 00000014 ..?....u..?.....
0x013fe6e0: 013fe6f0 7602275f 013fe6f8 00000004 ..?._'.v..?.....
0x013fe6f0: 013fe760 75f92689 07144584 00000000 `.?..&.u.E......
0x013fe700: 013febf4 013fe754 013febf4 75f13574 ..?.T.?...?.t5.u
0x013fe710: 00000000 00000014 00000000 00000000 ................
0x013fe720: 013febfc 013fef30 013ff0e4 013ff100 ..?.0.?...?...?.
0x013fe730: 00000000 00000000 00001334 07149058 ........4...X...
0x013fe740: 685b8600 000002b1 071930f0 00000724 ..[h.....0..$...
0x013fe750: 00000000 00000000 00000000 e6d07a34 ............4z..
0x013fe760: 013fe9c0 75f95986 013febf4 013ff290 ..?..Y.u..?...?.
0x013fe770: 00000000 00000000 00000000 00000000 ................
0x013fe780: 00000000 00000000 00000000 00000000 ................
0x013fe790: 00000000 00000000 00000000 00000000 ................
0x013fe7a0: 00000000 00000000 00000000 00000000 ................
0x013fe7b0: 00000000 00000000 00000000 00000000 ................
0x013fe7c0: 00000000 00000000 00000000 00000000 ................
0x013fe7d0: 00000000 00000000 00000000 00000000 ................
0x013fe7e0: 00000000 00000000 00000000 00000000 ................
0x013fe7f0: 00000000 00000000 00000000 00000000 ................
0x013fe800: 00000000 00000000 00000000 00000000 ................
0x013fe810: 00000000 00000000 00000000 00000000 ................
0x013fe820: 00000000 00000000 00000000 00000000 ................
0x013fe830: 00000000 00000000 00000000 00000000 ................
0x013fe840: 00000000 00000000 00000000 00000000 ................
0x013fe850: 00000000 00000000 00000000 00000000 ................
0x013fe860: 00000000 00000000 00000000 00000000 ................
0x013fe870: 00000000 00000000 00000000 00000000 ................
0x013fe880: 00000000 00000000 00000000 00000000 ................
0x013fe890: 00000000 00000000 00000000 00000000 ................
0x013fe8a0: 00000000 00000000 00000000 00000000 ................
0x013fe8b0: 00000000 00000000 00000000 00000000 ................
0x013fe8c0: 00000000 00000000 00000000 00000000 ................
0x013fe8d0: 00000000 00000000 00000000 00000000 ................
0x013fe8e0: 00000000 00000000 00000000 00000000 ................
0x013fe8f0: 00000000 00000000 00000000 00000000 ................
0x013fe900: 00000000 00000000 00000000 00000000 ................
0x013fe910: 00000000 00000000 00000000 00000000 ................
0x013fe920: 00000000 00000000 00000000 00000000 ................
0x013fe930: 00000000 00000000 00000000 00000000 ................
0x013fe940: 00000000 00000000 00000000 00000000 ................
0x013fe950: 00000000 00000000 00000000 00000000 ................
0x013fe960: 00000000 00000000 00000000 00000000 ................
0x013fe970: 00000000 00000000 00000000 00000000 ................
0x013fe980: 00000000 00000000 00000000 00000000 ................
0x013fe990: 00000000 75f958c1 013febf4 75f95830 .....X.u..?.0X.u
0x013fe9a0: 00000000 00000000 00000000 013fea20 ............ .?.
0x013fe9b0: 00000000 00000000 75f95b00 e6d074e0 .........[.u.t..
0x013fe9c0: 013fea0c 75f99892 760e7258 00000000 ..?....uXr.v....
0x013fe9d0: 013febf4 013ff290 00000000 00000014 ..?...?.........
0x013fe9e0: 00000001 013fea0c 75f98500 013fef8c ......?....u..?.
0x013fe9f0: 013ff290 013fec04 00000014 00000000 ..?...?.........
0x013fea00: 75f9851a e6d0772c e6d0772c 013ff368 ...u,w..,w..h.?.
0x013fea10: 75fdc150 013febf4 00000000 013ff290 P..u..?.......?.
0x013fea20: 75f13510 75f13554 75f13564 00000003 .5.uT5.ud5.u....
0x013fea30: 00000338 00000000 000000c0 46000000 8..............F
0x013fea40: 00000000 00000000 00000001 000010f8 ................
0x013fea50: 000000c0 00000000 00000000 00000006 ................
0x013fea60: 00000000 00000000 00000000 00000000 ................
0x013fea70: 013feaf8 013febb8 00000000 00000000 ..?...?.........
0x013fea80: 00000000 00000000 00000000 00000000 ................
0x013fea90: 00000000 00000000 00000000 00000000 ................
0x013feaa0: 00000000 00000000 00000000 00000000 ................
0x013feab0: 00001100 00000000 00000001 00000000 ................
0x013feac0: 013fec10 013ff104 013fef90 013ff074 ..?...?...?.t.?.
0x013fead0: 013fef64 013fef34 013ff0e8 00000000 d.?.4.?...?.....
0x013feae0: 00000000 00000000 00000000 00000000 ................
0x013feaf0: 00000000 00000006 000001b9 00000000 ................
0x013feb00: 000000c0 46000000 000001ab 00000000 .......F........
0x013feb10: 000000c0 46000000 000001a5 00000000 .......F........
0x013feb20: 000000c0 46000000 000001a4 00000000 .......F........
0x013feb30: 000000c0 46000000 000001a6 00000000 .......F........
0x013feb40: 000000c0 46000000 000001aa 00000000 .......F........
0x013feb50: 000000c0 46000000 75fd519c 00000000 .......F.Q.u....
0x013feb60: 00000000 760e8a61 760e8a60 760e61a0 ....a..v`..v.a.v
0x013feb70: 00000004 00000000 00000000 00000000 ................
0x013feb80: 00000000 00000000 00000000 00000000 ................
0x013feb90: 00000000 00000000 00000000 00000000 ................
0x013feba0: 00000000 00000000 00000000 00000000 ................
0x013febb0: 00000000 00000000 00000068 00000058 ........h...X...
0x013febc0: 00000090 00000020 00000020 00000ea8 .... ... .......
0x013febd0: 00000000 00000000 00000000 00000000 ................
0x013febe0: 00000000 00000000 000000c0 00000000 ................
0x013febf0: 00000000 75f13574 75f135bc 75f135d4 ....t5.u.5.u.5.u
0x013fec00: 00000002 00000000 00000000 00000014 ................
0x013fec10: 00000001 00000000 00000000 00000000 ................
0x013fec20: 00000000 0718de98 00000000 013fef8c ..............?.
0x013fec30: 00000000 013ff070 013fef60 00000000 ....p.?.`.?.....
0x013fec40: 013ff100 00000000 00000000 00000000 ..?.............
0x013fec50: 75f135f4 75f13634 75f13644 00000001 .5.u46.uD6.u....
0x013fec60: 00000339 00000000 000000c0 46000000 9..............F
0x013fec70: 00000000 00000000 00000001 00000000 ................
0x013fec80: 00000000 00000000 00000004 00000000 ................
0x013fec90: 00000000 00000000 00000000 00000000 ................
0x013feca0: 00000000 00000000 00000000 00000000 ................
0x013fecb0: 00000000 00000000 00000000 00000000 ................
0x013fecc0: 00000000 00000000 00000000 00000000 ................
0x013fecd0: 00000000 00000000 00000000 00000000 ................
0x013fece0: 00000000 00000000 00000000 00000001 ................
0x013fecf0: 012807d0 00000000 00000000 00000000 ..(.............
0x013fed00: 00000000 00000000 00000000 00000000 ................
0x013fed10: 00000000 00000000 00000000 00000000 ................
0x013fed20: 00000000 00000000 012801d0 00000020 ..........(. ...
0x013fed30: 01280830 00380036 013fed70 776a509c 0.(.6.8.p.?..Pjw
0x013fed40: 00000024 00000000 07058b48 776a4f90 $.......H....Ojw
0x013fed50: 00000014 00000030 00000000 00000000 ....0...........
0x013fed60: 00000006 00000002 00000000 07147190 .............q..
0x013fed70: 013fed84 776a4fc2 00000000 00000000 ..?..Ojw........
0x013fed80: 07147190 07058b48 7602c9c0 013fedc4 .q..H......v..?.
0x013fed90: 75fd4d02 07058b48 00000014 013fede8 .M.uH.........?.
0x013feda0: 75fd4d11 013fede0 00000000 013fede4 .M.u..?.......?.
0x013fedb0: 00000014 0000000e 00000000 8bc3f05e ............^...
0x013fedc0: e6d070e4 013fee20 75fd4f7e 013fede8 .p.. .?.~O.u..?.
0x013fedd0: 00000014 013fef30 0718de98 013feecc ....0.?.......?.
0x013fede0: 6b637453 00000014 8bc3f05e 11d0d86b Stck....^...k...
0x013fedf0: c00075a0 2088b64f 00000000 fffffffe .u..O.. ........
0x013fee00: 75fd5719 75fd4f0d 013ff354 00000000 .W.u.O.uT.?.....
0x013fee10: 75fd4fa5 07058b48 8bc3f05e 00000000 .O.uH...^.......
0x013fee20: 013ff1c4 75f13654 75f1367c 00000000 ..?.T6.u|6.u....
0x013fee30: 75f1368c 00000000 00000000 00000000 .6.u............
0x013fee40: 00000000 00000000 00000000 00000000 ................
0x013fee50: 00000000 2088b64f 00000000 fffffffe ....O.. ........
0x013fee60: 75fd5719 75fd5f0c 75fd86d0 00000014 .W.u._.u...u....
0x013fee70: 75fd6594 013fef10 013feed0 00000040 .e.u..?...?.@...
0x013fee80: 776a187c 00000000 00000000 013fefcc |.jw..........?.
0x013fee90: 776a17c0 00000000 00000000 00000000 ..jw............
0x013feea0: 00000000 00000000 01601738 000007a0 ........8.`.....
0x013feeb0: 00000000 00000018 00000003 00000000 ................
0x013feec0: 00000002 00000000 00000002 00000000 ................
0x013feed0: 760e8608 00000000 00000000 00000000 ...v............
0x013feee0: 00000000 013f0000 776a0000 00000003 ......?...jw....
0x013feef0: 00000000 013ff2ac 00000000 00000000 ......?.........
0x013fef00: 00000000 00000000 75f136b0 75f136d8 .........6.u.6.u
0x013fef10: 00000000 00000000 00000000 00000000 ................
0x013fef20: 00000000 013fee48 00000000 75f136fc ....H.?......6.u
0x013fef30: 75f13758 75f1376c 013fea24 00000000 X7.ul7.u$.?.....
0x013fef40: 00000001 00000000 00000000 00000000 ................
0x013fef50: 00000000 00000000 00000000 00000000 ................
0x013fef60: 75f13790 75f137c4 013fea24 00000000 .7.u.7.u$.?.....
0x013fef70: 00000001 00000000 00000000 00000000 ................
0x013fef80: 00000000 00000000 00000000 75f137e8 .............7.u
0x013fef90: 75f137f8 013fea24 00000000 00000001 .7.u$.?.........
0x013fefa0: 8bc3f05e 11d0d86b c00075a0 2088b64f ^...k....u..O.. 
0x013fefb0: 00000014 00000000 00000000 00000001 ................
0x013fefc0: 00000000 013fefd0 00000058 00070005 ......?.X.......
0x013fefd0: f309ad18 11d0d86a c00075a0 2088b64f ....j....u..O.. 
0x013fefe0: 00000000 00000000 4095256a 00000000 ........j%.@....
0x013feff0: 767f0000 00000001 75f1000c 767f0100 ...v.......u...v
0x013ff000: 00000000 013fefe8 00000000 013ff370 ......?.....p.?.
0x013ff010: 776d5ef0 36dfad76 fffffffe 013ff060 .^mwv..6....`.?.
0x013ff020: 7769e4c5 00000001 767f0000 00000000 ..iw.......v....
0x013ff030: 00000000 013ff054 0177cd00 00000000 ....T.?...w.....
0x013ff040: 00000000 0177ec00 7769fd9a 013ff098 ......w...iw..?.
0x013ff050: 767f0000 767f0100 00000000 00002963 ...v...v....c)..
0x013ff060: 013ff0f4 776e1579 00000009 013ff150 ..?.y.nw....P.?.
0x013ff070: 75f1381c 75f1384c 013fea24 00000000 .8.uL8.u$.?.....
0x013ff080: 00000001 75f13870 00000000 00000000 ....p8.u........
0x013ff090: 00000000 00000000 0715cb70 00000000 ........p.......
0x013ff0a0: 00000000 00000000 00000000 00000000 ................
0x013ff0b0: 017940a0 00000000 00000000 75f13880 .@y..........8.u
0x013ff0c0: 75f138b4 00000000 00000000 00000000 .8.u............
0x013ff0d0: 00000000 00000000 00000000 00000000 ................
0x013ff0e0: 00000000 75f138d8 75f13900 013fea24 .....8.u.9.u$.?.
0x013ff0f0: 00000000 00000001 013fe738 00000000 ........8.?.....
0x013ff100: 75f13924 75f13990 013fea24 00000000 $9.u.9.u$.?.....
0x013ff110: 00000001 7769e9fa 00000002 00000000 ......iw........
0x013ff120: 00000000 00000000 00000002 00000000 ................
0x013ff130: 00000000 00000000 00000000 00000000 ................
0x013ff140: 00000014 00000002 00000000 00000000 ................
0x013ff150: 00000000 00000000 00000000 00000000 ................
0x013ff160: 00000000 00000000 00000000 00000000 ................
0x013ff170: 75f139b4 75f139d0 00000000 00000000 .9.u.9.u........
0x013ff180: 00000000 00000000 00000000 c00075a0 .............u..
0x013ff190: 75f139f4 75f13a08 00000000 00000000 .9.u.:.u........
0x013ff1a0: 00000000 8bc3f05e 00000000 00000000 ....^...........
0x013ff1b0: 75f13a2c 75f13a48 00000000 00000000 ,:.uH:.u........
0x013ff1c0: 00000000 75fd9a0c 00000000 00000000 .......u........
0x013ff1d0: 00000000 00000000 00000000 75fdbf5c ............\..u
0x013ff1e0: 00000014 0177dea8 00000000 000000b8 ......w.........
0x013ff1f0: 04c10000 000000b0 04c10000 000000b0 ................
0x013ff200: 6af86903 00000000 4095262e 00001838 .i.j.....&.@8...
0x013ff210: 04c10000 00001830 00000000 013ff234 ....0.......4.?.
0x013ff220: 02000002 013ff344 41e90f3e 463356c1 ....D.?.>..A.V3F
0x013ff230: 8b6ec381 70dd8bac 75f3fb1c 00000008 ..n....p...u....
0x013ff240: 00000000 00000014 00000000 00000000 ................
0x013ff250: 013ff2b4 00000000 013ff528 00000001 ..?.....(.?.....
0x013ff260: 00000020 00000000 00000000 00000000  ...............
0x013ff270: 00000001 013ff3f8 00000000 00000000 ......?.........
0x013ff280: 00000000 00000000 00000000 00000000 ................
0x013ff290: 00000000 00000000 00000000 00000000 ................
0x013ff2a0: 80004005 80004002 013ff468 00000000 .@...@..h.?.....
0x013ff2b0: 00000000 00000000 00f13900 00000000 .........9......
0x013ff2c0: 013fea20 75f984b0 00000000 00000000  .?....u........
0x013ff2d0: 00000000 00000000 00000000 00000000 ................
0x013ff2e0: f309ad18 11d0d86a c00075a0 2088b64f ....j....u..O.. 
0x013ff2f0: 00000000 00000000 00000000 00000000 ................
0x013ff300: 00000001 00000000 013ff2d0 013ff2d8 ..........?...?.
0x013ff310: 013ff2e0 00000000 00000000 00000000 ..?.............
0x013ff320: 00000000 00000000 00000000 00000000 ................
0x013ff330: 00000000 00000000 00000000 00000000 ................
0x013ff340: 00000000 8bc3f05e 11d0d86b c00075a0 ....^...k....u..
0x013ff350: 2088b64f 8bc3f05e 11d0d86b c00075a0 O.. ^...k....u..
0x013ff360: 2088b64f e6d06e48 013ff41c 75fdb552 O.. Hn....?.R..u
0x013ff370: 00000014 00000000 00000001 00000000 ................
0x013ff380: 013ff468 00000000 00000000 00000000 h.?.............
0x013ff390: 00000000 00000000 0177dea8 73c711e8 ..........w....s
0x013ff3a0: 00000000 00000000 00000000 013ff468 ............h.?.
0x013ff3b0: 00000000 00000000 00000000 00000000 ................
0x013ff3c0: 00000000 0715fca0 0714b2b8 73c732e8 .............2.s
0x013ff3d0: 01280000 01280000 0714b298 0000000d ..(...(.........
0x013ff3e0: 0714b2b4 0000003d 01280e4c 00000000 ....=...L.(.....
0x013ff3f0: 012801c0 00000020 01280e48 013ff440 ..(. ...H.(.@.?.
0x013ff400: 013ff438 776a509c 00000004 00000000 8.?..Pjw........
0x013ff410: 00000002 e6d06eb4 07184d00 013ff440 .....n...M..@.?.
0x013ff420: 75ffc7af 00000014 00000000 00000001 ...u............
0x013ff430: 013ff468 00000000 07184d00 0177dea8 h.?......M....w.
0x013ff440: 013ff474 73c72069 73c711e8 00000000 t.?.i .s...s....
0x013ff450: 00000014 00000000 00000001 013ff468 ............h.?.
0x013ff460: 00000000 00000000 73c711f8 00000000 ...........s....
0x013ff470: 80004002 013ff5a0 73c723e3 013ff4c8 .@....?..#.s..?.
0x013ff480: 00000001 00000000 2648a162 07184d00 ........b.H&.M..
0x013ff490: 07184d00 07148a6c 00000000 00000000 .M..l...........
0x013ff4a0: 00000000 00000000 00000000 00000000 ................
0x013ff4b0: 00000000 00000000 00000000 00000000 ................
0x013ff4c0: dc12a687 11cf737f 00000000 0714b398 .....s..........
0x013ff4d0: 013ff4f4 00000000 00000000 00000000 ..?.............
0x013ff4e0: 00000001 00000000 013ff4b0 73c711d0 ..........?....s
0x013ff4f0: 7769fd9a 00000009 00000000 0718cfa0 ..iw............
0x013ff500: 00000000 00000003 00000000 00000000 ................
0x013ff510: 7769fe72 013ff528 013ff6a8 00000000 r.iw(.?...?.....
0x013ff520: 7769fe54 4590f811 00000000 01770000 T.iw...E......w.
0x013ff530: 00000002 0718cfa0 00000000 00000000 ................
0x013ff540: 73c711d0 0714b398 00000000 0718cfa0 ...s............
0x013ff550: 00000000 00000001 071842d0 00000000 .........B......
0x013ff560: 01280000 01280000 0714b398 07184d00 ..(...(......M..
0x013ff570: 000100c8 00000000 002809d4 00000000 ..........(.....
0x013ff580: 012801c4 00000000 012809d0 77688c59 ..(.......(.Y.hw
0x013ff590: 2648a162 013ff614 73c73f42 00000005 b.H&..?.B?.s....
0x013ff5a0: 013ff5d0 73c71ba9 07148a6c 00000000 ..?....sl.......
0x013ff5b0: 00000000 00000000 00000000 00000000 ................
0x013ff5c0: 00000000 013ff6a8 73c73de0 07184d00 ......?..=.s.M..
0x013ff5d0: 013ff620 73c72a1f 07148a6c 00000000  .?..*.sl.......
0x013ff5e0: 00000000 00000000 00000000 00000000 ................
0x013ff5f0: 00000000 013ff6a8 2648a2e2 013ff6a8 ......?...H&..?.
0x013ff600: 0714b458 00000000 07184d00 00000000 X........M......
0x013ff610: 2648a2e2 013ffbfc 73c73f83 ffffffff ..H&..?..?.s....
0x013ff620: 013ff660 001f40b2 0714b458 07148a6c `.?..@..X...l...
0x013ff630: 00000000 00000000 00000000 00000000 ................
0x013ff640: 00000000 00000000 013ff6a8 0000000f ..........?.....
0x013ff650: 00000000 00000010 037a00c0 0714b458 ..........z.X...
0x013ff660: 013ff6ac 001f60aa 04425fd0 00000000 ..?..`..._B.....
0x013ff670: 037e7b20 037e7b20 010ca000 00000000  {~. {~.........
0x013ff680: 013ff694 001e6f54 037e7b20 00000000 ..?.To.. {~.....
0x013ff690: 04425fd0 013ff6a4 001e7042 00000000 ._B...?.Bp......
0x013ff6a0: 0000000f 013ff7a0 00000000 013ff7a0 ......?.......?.
0x013ff6b0: 006d4975 00000010 04425fd0 00000000 uIm......_B.....
0x013ff6c0: 013ff6d8 001e5845 037d0a90 00000010 ..?.EX....}.....
0x013ff6d0: 00000010 010ca000 013ff710 342e3575 ..........?.u5.4
0x013ff6e0: 3166332e 00000000 0000002f 00000008 .3f1..../.......
0x013ff6f0: 0000000f 00000000 037e7b20 001e7982 ........ {~..y..
0x013ff700: 00000030 00000010 00000020 0000002f 0....... .../...
0x013ff710: 013ff730 646e6957 5073776f 6579616c 0.?.WindowsPlaye
0x013ff720: 00000072 0000000d 0000000f 0000004b r...........K...
0x013ff730: 037e7b20 000df6e9 00000030 00000010  {~.....0.......
0x013ff740: 00000020 0000002f 00e67da8 0000004b  .../....}..K...
0x013ff750: 013ff784 000dfca6 00000030 00000000 ..?.....0.......
0x013ff760: 00000024 04425fe0 342e3500 3166332e $...._B..5.4.3f1
0x013ff770: 04425f00 013ff760 00000000 0000000f ._B.`.?.........
0x013ff780: 013ff7a0 037e5e00 037d0a90 037e7940 ..?..^~...}.@y~.
0x013ff790: 00000024 00000000 0000000f 00000000 $...............
0x013ff7a0: 013ff7a8 006d3cda 013ff7b8 006d44f7 ..?..<m...?..Dm.
0x013ff7b0: 00000001 04425fd0 013ff82c 006d60cb ....._B.,.?..`m.
0x013ff7c0: 013ff7d0 00000001 04425fd0 000a118b ..?......_B.....
0x013ff7d0: 037e7940 04425f78 00000000 01059548 @y~.x_B.....H...
0x013ff7e0: 00000024 0000002f 0038f700 00000000 $.../.....8.....
0x013ff7f0: 00000000 00000005 00000000 00000000 ................
0x013ff800: 0000000f 804be7f1 00000100 00000000 ......K.........
0x013ff810: 013ff885 00000010 00000000 0000000f ..?.............
0x013ff820: 01059624 04425fd0 013ff83c 013ff83c $...._B.<.?.<.?.
0x013ff830: 006d6195 00000000 01083670 013ff858 .am.....p6..X.?.
0x013ff840: 006d620f 00000001 4f3f4cf3 4f3f4cf3 .bm......L?O.L?O
0x013ff850: 000a118b 00000000 013ff88c 006d2c75 ..........?.u,m.
0x013ff860: 04425fd0 00000001 4f3f4cf3 4f3f4cf3 ._B......L?O.L?O
0x013ff870: 000a118b 00000000 00f0c06d 04425f78 ........m...x_B.
0x013ff880: 00000000 01083670 00000000 013ff8f4 ....p6........?.
0x013ff890: 006d3964 00000001 4f3f4cf3 4f3f4cf3 d9m......L?O.L?O
0x013ff8a0: 000a118b 00000000 00000002 00000003 ................
0x013ff8b0: 01080350 037d0a00 037dea10 037b63b0 P.....}...}..c{.
0x013ff8c0: 013ff930 00000000 0000000f 00000002 0.?.............
0x013ff8d0: 037d0a90 013ff8c4 013ffbfc 00000000 ..}...?...?.....
0x013ff8e0: 00000024 0000002f 013ff904 804c6e19 $.../.....?..nL.
0x013ff8f0: 00000000 013ff900 006d3aba 00000001 ......?..:m.....
0x013ff900: 013ff928 0031fe60 04425f78 ffffff94 (.?.`.1.x_B.....
0x013ff910: 03df9c00 00000002 03df9c00 037b3a01 .............:{.
0x013ff920: 03df9b70 0108032c 013ff990 00320b8f p...,.....?...2.
0x013ff930: ffffff94 03df9c00 00000002 037b3a40 ............@:{.
0x013ff940: 03df9b70 037b3a01 037de570 037de570 p....:{.p.}.p.}.
0x013ff950: 00000000 03df9bc4 013ff96c 037de590 ........l.?...}.
0x013ff960: 00000000 037de570 00000000 013ff97c ....p.}.....|.?.
0x013ff970: 001e6fb0 037de570 00000008 013ff9b4 .o..p.}.......?.

Module 1
C:\Users\Simon\Desktop\wildhacks\Vrifydata\VRifyData.exe
Image Base: 0x000d0000  Image Size: 0x01193000
File Size:  17577472    File Time:  2016-11-09_064848
Version:
   Company:    
   Product:    
   FileDesc:   
   FileVer:    5.4.3.62657
   ProdVer:    5.4.3.62657

Module 2
C:\WINDOWS\SYSTEM32\xinput1_3.dll
Image Base: 0x00400000  Image Size: 0x00016000
File Size:  81768       File Time:  2007-04-04_175342
Version:
   Company:    Microsoft Corporation
   Product:    Microsoft® DirectX for Windows®
   FileDesc:   Microsoft Common Controller API
   FileVer:    9.18.944.0
   ProdVer:    9.18.944.0

Module 3
C:\Users\Simon\Desktop\wildhacks\Vrifydata\VRifyData_Data\Mono\mono.dll
Image Base: 0x10000000  Image Size: 0x00231000
File Size:  2114520     File Time:  2016-11-09_065640
Version:
   Company:    Unity Technologies
   Product:    libmono
   FileDesc:   Unity Technologies fork of mono runtime
   FileVer:    1.0.0.1
   ProdVer:    1.0.0.1

Module 4
C:\Program Files\Oculus\Support\oculus-runtime\LibOVRRT32_1.dll
Image Base: 0x59ae0000  Image Size: 0x00166000
File Size:  1265616     File Time:  2016-11-17_103406
Version:
   Company:    Oculus VR
   Product:    LibOVRRT
   FileDesc:   310947-public TCID:1560880
   FileVer:    1.10.0.0
   ProdVer:    1.10.0.0

Module 5
C:\WINDOWS\SYSTEM32\HID.DLL
Image Base: 0x59c50000  Image Size: 0x0000a000
File Size:  25600       File Time:  2016-07-16_054250
Version:
   Company:    Microsoft Corporation
   Product:    Microsoft® Windows® Operating System
   FileDesc:   Hid User Library
   FileVer:    10.0.14393.0
   ProdVer:    10.0.14393.0

Module 6
C:\Users\Simon\Desktop\wildhacks\Vrifydata\VRifyData_Data\Plugins\OVRPlugin.dll
Image Base: 0x5b090000  Image Size: 0x00161000
File Size:  1413032     File Time:  2016-11-09_063034
Version:
   Company:    Oculus VR
   Product:    OVRPlugin
   FileDesc:   Oculus VR Plugin TCID:1480579
   FileVer:    1.9.0.0
   ProdVer:    1.9.0.0

Module 7
C:\WINDOWS\SYSTEM32\midimap.dll
Image Base: 0x5c1c0000  Image Size: 0x00008000
File Size:  18944       File Time:  2016-07-16_054250
Version:
   Company:    Microsoft Corporation
   Product:    Microsoft® Windows® Operating System
   FileDesc:   Microsoft MIDI Mapper
   FileVer:    10.0.14393.0
   ProdVer:    10.0.14393.0

Module 8
C:\WINDOWS\SYSTEM32\msacm32.drv
Image Base: 0x5c1d0000  Image Size: 0x0000a000
File Size:  24576       File Time:  2016-07-16_054250
Version:
   Company:    Microsoft Corporation
   Product:    Microsoft® Windows® Operating System
   FileDesc:   Microsoft Sound Mapper
   FileVer:    10.0.14393.0
   ProdVer:    10.0.14393.0

Module 9
C:\WINDOWS\SYSTEM32\wdmaud.drv
Image Base: 0x5c1e0000  Image Size: 0x00039000
File Size:  207360      File Time:  2016-07-16_054250
Version:
   Company:    Microsoft Corporation
   Product:    Microsoft® Windows® Operating System
   FileDesc:   Winmm  audio system driver
   FileVer:    10.0.14393.0
   ProdVer:    10.0.14393.0

Module 10
C:\WINDOWS\System32\DriverStore\FileRepository\c0307875.inf_amd64_1c1656d605c8d57c\atidxx32.dll
Image Base: 0x5d7c0000  Image Size: 0x008a5000
File Size:  9182976     File Time:  2016-10-13_012210
Version:
   Company:    Advanced Micro Devices, Inc. 
   Product:    Advanced Micro Devices, Inc. Radeon DirectX 11 Driver
   FileDesc:   atidxx32.dll
   FileVer:    21.19.151.3
   ProdVer:    8.17.10.690

Module 11
C:\WINDOWS\System32\DriverStore\FileRepository\c0307875.inf_amd64_1c1656d605c8d57c\atiuxpag.dll
Image Base: 0x5e070000  Image Size: 0x00025000
File Size:  149864      File Time:  2016-10-13_012246
Version:
   Company:    Advanced Micro Devices, Inc. 
   Product:    Advanced Micro Devices, Inc PowerXpress Vista DX10 User Mode Driver
   FileDesc:   atiuxpag.dll
   FileVer:    21.19.151.3
   ProdVer:    8.14.1.6525

Module 12
C:\WINDOWS\SYSTEM32\ksuser.dll
Image Base: 0x5e340000  Image Size: 0x00007000
File Size:  20672       File Time:  2016-07-16_054250
Version:
   Company:    Microsoft Corporation
   Product:    Microsoft® Windows® Operating System
   FileDesc:   User CSA Library
   FileVer:    10.0.14393.0
   ProdVer:    10.0.14393.0

Module 13
C:\WINDOWS\SYSTEM32\MSACM32.dll
Image Base: 0x61690000  Image Size: 0x00018000
File Size:  90912       File Time:  2016-07-16_054250
Version:
   Company:    Microsoft Corporation
   Product:    Microsoft® Windows® Operating System
   FileDesc:   Microsoft ACM Audio Filter
   FileVer:    10.0.14393.0
   ProdVer:    10.0.14393.0

Module 14
C:\WINDOWS\System32\MMDevApi.dll
Image Base: 0x619e0000  Image Size: 0x00058000
File Size:  352768      File Time:  2016-07-16_054250
Version:
   Company:    Microsoft Corporation
   Product:    Microsoft® Windows® Operating System
   FileDesc:   MMDevice API
   FileVer:    10.0.14393.0
   ProdVer:    10.0.14393.0

Module 15
C:\WINDOWS\SYSTEM32\wintypes.dll
Image Base: 0x61a40000  Image Size: 0x000cf000
File Size:  846560      File Time:  2016-10-14_221810
Version:
   Company:    Microsoft Corporation
   Product:    Microsoft® Windows® Operating System
   FileDesc:   Windows Base Types DLL
   FileVer:    10.0.14393.351
   ProdVer:    10.0.14393.351

Module 16
C:\WINDOWS\SYSTEM32\AUDIOSES.DLL
Image Base: 0x61b10000  Image Size: 0x0007b000
File Size:  484584      File Time:  2016-11-02_060138
Version:
   Company:    Microsoft Corporation
   Product:    Microsoft® Windows® Operating System
   FileDesc:   Audio Session
   FileVer:    10.0.14393.447
   ProdVer:    10.0.14393.447

Module 17
C:\WINDOWS\SYSTEM32\AVRT.dll
Image Base: 0x61bc0000  Image Size: 0x00009000
File Size:  29448       File Time:  2016-07-16_054250
Version:
   Company:    Microsoft Corporation
   Product:    Microsoft® Windows® Operating System
   FileDesc:   Multimedia Realtime Runtime
   FileVer:    10.0.14393.0
   ProdVer:    10.0.14393.0

Module 18
C:\WINDOWS\SYSTEM32\DCIMAN32.dll
Image Base: 0x64f50000  Image Size: 0x00007000
File Size:  11776       File Time:  2016-07-16_054250
Version:
   Company:    Microsoft Corporation
   Product:    Microsoft® Windows® Operating System
   FileDesc:   DCI Manager
   FileVer:    10.0.14393.0
   ProdVer:    10.0.14393.0

Module 19
C:\WINDOWS\SYSTEM32\DDRAW.dll
Image Base: 0x64f60000  Image Size: 0x000ed000
File Size:  548352      File Time:  2016-11-02_044022
Version:
   Company:    Microsoft Corporation
   Product:    Microsoft® Windows® Operating System
   FileDesc:   Microsoft DirectDraw
   FileVer:    10.0.14393.447
   ProdVer:    10.0.14393.447

Module 20
C:\WINDOWS\SYSTEM32\GLU32.dll
Image Base: 0x65050000  Image Size: 0x00025000
File Size:  141312      File Time:  2016-07-16_054306
Version:
   Company:    Microsoft Corporation
   Product:    Microsoft® Windows® Operating System
   FileDesc:   OpenGL Utility Library DLL
   FileVer:    10.0.14393.0
   ProdVer:    10.0.14393.0

Module 21
C:\WINDOWS\SYSTEM32\OPENGL32.dll
Image Base: 0x65900000  Image Size: 0x000e0000
File Size:  786944      File Time:  2016-07-16_054306
Version:
   Company:    Microsoft Corporation
   Product:    Microsoft® Windows® Operating System
   FileDesc:   OpenGL Client DLL
   FileVer:    10.0.14393.0
   ProdVer:    10.0.14393.0

Module 22
C:\WINDOWS\SYSTEM32\dxgi.dll
Image Base: 0x69430000  Image Size: 0x00084000
File Size:  527880      File Time:  2016-07-16_054250
Version:
   Company:    Microsoft Corporation
   Product:    Microsoft® Windows® Operating System
   FileDesc:   DirectX Graphics Infrastructure
   FileVer:    10.0.14393.0
   ProdVer:    10.0.14393.0

Module 23
C:\WINDOWS\SYSTEM32\d3d11.dll
Image Base: 0x695e0000  Image Size: 0x0022f000
File Size:  2276736     File Time:  2016-10-14_222050
Version:
   Company:    Microsoft Corporation
   Product:    Microsoft® Windows® Operating System
   FileDesc:   Direct3D 11 Runtime
   FileVer:    10.0.14393.351
   ProdVer:    10.0.14393.351

Module 24
C:\WINDOWS\SYSTEM32\WINHTTP.dll
Image Base: 0x69e10000  Image Size: 0x000a0000
File Size:  636928      File Time:  2016-10-14_214418
Version:
   Company:    Microsoft Corporation
   Product:    Microsoft® Windows® Operating System
   FileDesc:   Windows HTTP Services
   FileVer:    10.0.14393.351
   ProdVer:    10.0.14393.351

Module 25
C:\WINDOWS\System32\DriverStore\FileRepository\c0307875.inf_amd64_1c1656d605c8d57c\aticfx32.dll
Image Base: 0x6b080000  Image Size: 0x0013a000
File Size:  1294296     File Time:  2016-10-13_012156
Version:
   Company:    Advanced Micro Devices, Inc. 
   Product:    AMD Inc. Radeon DirectX 11 Driver
   FileDesc:   aticfx32.dll
   FileVer:    21.19.151.3
   ProdVer:    8.17.10.1484

Module 26
C:\WINDOWS\System32\perfos.dll
Image Base: 0x6b5e0000  Image Size: 0x0000c000
File Size:  36352       File Time:  2016-07-16_054304
Version:
   Company:    Microsoft Corporation
   Product:    Microsoft® Windows® Operating System
   FileDesc:   Windows System Performance Objects DLL
   FileVer:    10.0.14393.0
   ProdVer:    10.0.14393.0

Module 27
C:\WINDOWS\SYSTEM32\DbgHelp.dll
Image Base: 0x6ed60000  Image Size: 0x00145000
File Size:  1220608     File Time:  2016-07-16_054258
Version:
   Company:    Microsoft
   Product:    Microsoft® Windows® Operating System
   FileDesc:   Windows Image Helper
   FileVer:    10.0.14321.1024
   ProdVer:    10.0.14321.1024

Module 28
C:\WINDOWS\WinSxS\x86_microsoft.windows.common-controls_6595b64144ccf1df_6.0.14393.447_none_89c64d28dafea4b9\comctl32.dll
Image Base: 0x6eeb0000  Image Size: 0x0020a000
File Size:  2122080     File Time:  2016-11-02_050450
Version:
   Company:    Microsoft Corporation
   Product:    Microsoft® Windows® Operating System
   FileDesc:   User Experience Controls Library
   FileVer:    6.10.14393.447
   ProdVer:    10.0.14393.447

Module 29
C:\WINDOWS\SYSTEM32\WININET.dll
Image Base: 0x6f0c0000  Image Size: 0x0022f000
File Size:  2256384     File Time:  2016-11-02_042552
Version:
   Company:    Microsoft Corporation
   Product:    Internet Explorer
   FileDesc:   Internet Extensions for Win32
   FileVer:    11.0.14393.447
   ProdVer:    11.0.14393.447

Module 30
C:\WINDOWS\SYSTEM32\dhcpcsvc.DLL
Image Base: 0x707a0000  Image Size: 0x00014000
File Size:  63488       File Time:  2016-07-16_054256
Version:
   Company:    Microsoft Corporation
   Product:    Microsoft® Windows® Operating System
   FileDesc:   DHCP Client Service
   FileVer:    10.0.14393.0
   ProdVer:    10.0.14393.0

Module 31
C:\WINDOWS\SYSTEM32\gpapi.dll
Image Base: 0x707c0000  Image Size: 0x0001f000
File Size:  112120      File Time:  2016-07-16_054248
Version:
   Company:    Microsoft Corporation
   Product:    Microsoft® Windows® Operating System
   FileDesc:   Group Policy Client API
   FileVer:    10.0.14393.0
   ProdVer:    10.0.14393.0

Module 32
C:\WINDOWS\SYSTEM32\ntmarta.dll
Image Base: 0x707e0000  Image Size: 0x00028000
File Size:  154432      File Time:  2016-07-16_054256
Version:
   Company:    Microsoft Corporation
   Product:    Microsoft® Windows® Operating System
   FileDesc:   Windows NT MARTA provider
   FileVer:    10.0.14393.0
   ProdVer:    10.0.14393.0

Module 33
C:\Windows\System32\rasadhlp.dll
Image Base: 0x711e0000  Image Size: 0x00008000
File Size:  13312       File Time:  2016-07-16_054302
Version:
   Company:    Microsoft Corporation
   Product:    Microsoft® Windows® Operating System
   FileDesc:   Remote Access AutoDial Helper
   FileVer:    10.0.14393.0
   ProdVer:    10.0.14393.0

Module 34
C:\WINDOWS\System32\fwpuclnt.dll
Image Base: 0x711f0000  Image Size: 0x00049000
File Size:  279040      File Time:  2016-07-16_054256
Version:
   Company:    Microsoft Corporation
   Product:    Microsoft® Windows® Operating System
   FileDesc:   FWP/IPsec User-Mode API
   FileVer:    10.0.14393.0
   ProdVer:    10.0.14393.0

Module 35
C:\WINDOWS\system32\rsaenh.dll
Image Base: 0x712e0000  Image Size: 0x0002f000
File Size:  184416      File Time:  2016-07-16_054256
Version:
   Company:    Microsoft Corporation
   Product:    Microsoft® Windows® Operating System
   FileDesc:   Microsoft Enhanced Cryptographic Provider
   FileVer:    10.0.14393.0
   ProdVer:    10.0.14393.0

Module 36
C:\WINDOWS\SYSTEM32\CRYPTSP.dll
Image Base: 0x71310000  Image Size: 0x00013000
File Size:  68720       File Time:  2016-07-16_054256
Version:
   Company:    Microsoft Corporation
   Product:    Microsoft® Windows® Operating System
   FileDesc:   Cryptographic Service Provider API
   FileVer:    10.0.14393.0
   ProdVer:    10.0.14393.0

Module 37
C:\WINDOWS\System32\PROPSYS.dll
Image Base: 0x71330000  Image Size: 0x0014f000
File Size:  1375456     File Time:  2016-07-16_054256
Version:
   Company:    Microsoft Corporation
   Product:    Windows® Search
   FileDesc:   Microsoft Property System
   FileVer:    7.0.14393.0
   ProdVer:    7.0.14393.0

Module 38
C:\WINDOWS\SYSTEM32\MSWSOCK.dll
Image Base: 0x72770000  Image Size: 0x0004e000
File Size:  306016      File Time:  2016-07-16_054256
Version:
   Company:    Microsoft Corporation
   Product:    Microsoft® Windows® Operating System
   FileDesc:   Microsoft Windows Sockets 2.0 Service Provider
   FileVer:    10.0.14393.0
   ProdVer:    10.0.14393.0

Module 39
C:\WINDOWS\SYSTEM32\bcrypt.dll
Image Base: 0x73030000  Image Size: 0x0001b000
File Size:  106896      File Time:  2016-07-16_054256
Version:
   Company:    Microsoft Corporation
   Product:    Microsoft® Windows® Operating System
   FileDesc:   Windows Cryptographic Primitives Library
   FileVer:    10.0.14393.0
   ProdVer:    10.0.14393.0

Module 40
C:\WINDOWS\system32\dwmapi.dll
Image Base: 0x730d0000  Image Size: 0x0001f000
File Size:  113504      File Time:  2016-10-23_110358
Version:
   Company:    Microsoft Corporation
   Product:    Microsoft® Windows® Operating System
   FileDesc:   Microsoft Desktop Window Manager API
   FileVer:    10.0.14393.206
   ProdVer:    10.0.14393.206

Module 41
C:\WINDOWS\SYSTEM32\pdh.dll
Image Base: 0x73150000  Image Size: 0x00044000
File Size:  262656      File Time:  2016-10-23_110400
Version:
   Company:    Microsoft Corporation
   Product:    Microsoft® Windows® Operating System
   FileDesc:   Windows Performance Data Helper DLL
   FileVer:    10.0.14393.206
   ProdVer:    10.0.14393.206

Module 42
C:\WINDOWS\SYSTEM32\WINMMBASE.dll
Image Base: 0x731a0000  Image Size: 0x00023000
File Size:  131208      File Time:  2016-07-16_054250
Version:
   Company:    Microsoft Corporation
   Product:    Microsoft® Windows® Operating System
   FileDesc:   Base Multimedia Extension API DLL
   FileVer:    10.0.14393.0
   ProdVer:    10.0.14393.0

Module 43
C:\WINDOWS\SYSTEM32\WINMM.dll
Image Base: 0x731d0000  Image Size: 0x00024000
File Size:  135376      File Time:  2016-07-16_054250
Version:
   Company:    Microsoft Corporation
   Product:    Microsoft® Windows® Operating System
   FileDesc:   MCI API DLL
   FileVer:    10.0.14393.0
   ProdVer:    10.0.14393.0

Module 44
C:\WINDOWS\system32\uxtheme.dll
Image Base: 0x73200000  Image Size: 0x00075000
File Size:  457728      File Time:  2016-07-16_054306
Version:
   Company:    Microsoft Corporation
   Product:    Microsoft® Windows® Operating System
   FileDesc:   Microsoft UxTheme Library
   FileVer:    10.0.14393.0
   ProdVer:    10.0.14393.0

Module 45
C:\WINDOWS\SYSTEM32\DNSAPI.dll
Image Base: 0x73660000  Image Size: 0x0007c000
File Size:  496872      File Time:  2016-10-23_110400
Version:
   Company:    Microsoft Corporation
   Product:    Microsoft® Windows® Operating System
   FileDesc:   DNS Client API DLL
   FileVer:    10.0.14393.206
   ProdVer:    10.0.14393.206

Module 46
C:\WINDOWS\system32\wbem\fastprox.dll
Image Base: 0x73b20000  Image Size: 0x000c2000
File Size:  779776      File Time:  2016-07-16_054258
Version:
   Company:    Microsoft Corporation
   Product:    Microsoft® Windows® Operating System
   FileDesc:   WMI Custom Marshaller
   FileVer:    10.0.14393.0
   ProdVer:    10.0.14393.0

Module 47
C:\WINDOWS\system32\wbem\wbemsvc.dll
Image Base: 0x73bf0000  Image Size: 0x00010000
File Size:  48640       File Time:  2016-07-16_054258
Version:
   Company:    Microsoft Corporation
   Product:    Microsoft® Windows® Operating System
   FileDesc:   WMI
   FileVer:    10.0.14393.0
   ProdVer:    10.0.14393.0

Module 48
C:\WINDOWS\SYSTEM32\wbemcomn.dll
Image Base: 0x73c00000  Image Size: 0x00067000
File Size:  391168      File Time:  2016-07-16_054258
Version:
   Company:    Microsoft Corporation
   Product:    Microsoft® Windows® Operating System
   FileDesc:   WMI
   FileVer:    10.0.14393.0
   ProdVer:    10.0.14393.0

Module 49
C:\WINDOWS\system32\wbem\wbemprox.dll
Image Base: 0x73c70000  Image Size: 0x0000d000
File Size:  35328       File Time:  2016-07-16_054258
Version:
   Company:    Microsoft Corporation
   Product:    Microsoft® Windows® Operating System
   FileDesc:   WMI
   FileVer:    10.0.14393.0
   ProdVer:    10.0.14393.0

Module 50
C:\WINDOWS\SYSTEM32\dhcpcsvc6.DLL
Image Base: 0x73c80000  Image Size: 0x00013000
File Size:  57344       File Time:  2016-07-16_054256
Version:
   Company:    Microsoft Corporation
   Product:    Microsoft® Windows® Operating System
   FileDesc:   DHCPv6 Client
   FileVer:    10.0.14393.0
   ProdVer:    10.0.14393.0

Module 51
C:\WINDOWS\System32\DEVOBJ.dll
Image Base: 0x73ca0000  Image Size: 0x00022000
File Size:  132232      File Time:  2016-07-16_054256
Version:
   Company:    Microsoft Corporation
   Product:    Microsoft® Windows® Operating System
   FileDesc:   Device Information Set DLL
   FileVer:    10.0.14393.0
   ProdVer:    10.0.14393.0

Module 52
C:\WINDOWS\SYSTEM32\IPHLPAPI.DLL
Image Base: 0x74060000  Image Size: 0x0002f000
File Size:  184416      File Time:  2016-07-16_054256
Version:
   Company:    Microsoft Corporation
   Product:    Microsoft® Windows® Operating System
   FileDesc:   IP Helper API
   FileVer:    10.0.14393.0
   ProdVer:    10.0.14393.0

Module 53
C:\WINDOWS\SYSTEM32\VERSION.dll
Image Base: 0x74090000  Image Size: 0x00008000
File Size:  27360       File Time:  2016-07-16_054306
Version:
   Company:    Microsoft Corporation
   Product:    Microsoft® Windows® Operating System
   FileDesc:   Version Checking and File Installation Libraries
   FileVer:    10.0.14393.0
   ProdVer:    10.0.14393.0

Module 54
C:\WINDOWS\System32\CRYPTBASE.dll
Image Base: 0x74110000  Image Size: 0x0000a000
File Size:  31528       File Time:  2016-07-16_054250
Version:
   Company:    Microsoft Corporation
   Product:    Microsoft® Windows® Operating System
   FileDesc:   Base cryptographic API DLL
   FileVer:    10.0.14393.0
   ProdVer:    10.0.14393.0

Module 55
C:\WINDOWS\System32\SspiCli.dll
Image Base: 0x74120000  Image Size: 0x0001e000
File Size:  117240      File Time:  2016-10-23_110406
Version:
   Company:    Microsoft Corporation
   Product:    Microsoft® Windows® Operating System
   FileDesc:   Security Support Provider Interface
   FileVer:    10.0.14393.187
   ProdVer:    10.0.14393.187

Module 56
C:\WINDOWS\System32\shcore.dll
Image Base: 0x74140000  Image Size: 0x00088000
File Size:  549088      File Time:  2016-07-16_054244
Version:
   Company:    Microsoft Corporation
   Product:    Microsoft® Windows® Operating System
   FileDesc:   SHCORE
   FileVer:    10.0.14393.0
   ProdVer:    10.0.14393.0

Module 57
C:\WINDOWS\System32\windows.storage.dll
Image Base: 0x741d0000  Image Size: 0x0056e000
File Size:  5722320     File Time:  2016-10-23_110400
Version:
   Company:    Microsoft Corporation
   Product:    Microsoft® Windows® Operating System
   FileDesc:   Microsoft WinRT Storage API
   FileVer:    10.0.14393.206
   ProdVer:    10.0.14393.206

Module 58
C:\WINDOWS\System32\cfgmgr32.dll
Image Base: 0x74740000  Image Size: 0x00036000
File Size:  213848      File Time:  2016-07-16_054256
Version:
   Company:    Microsoft Corporation
   Product:    Microsoft® Windows® Operating System
   FileDesc:   Configuration Manager DLL
   FileVer:    10.0.14393.0
   ProdVer:    10.0.14393.0

Module 59
C:\WINDOWS\System32\powrprof.dll
Image Base: 0x74780000  Image Size: 0x00045000
File Size:  275832      File Time:  2016-07-16_054256
Version:
   Company:    Microsoft Corporation
   Product:    Microsoft® Windows® Operating System
   FileDesc:   Power Profile Helper DLL
   FileVer:    10.0.14393.0
   ProdVer:    10.0.14393.0

Module 60
C:\WINDOWS\System32\clbcatq.dll
Image Base: 0x747d0000  Image Size: 0x00084000
File Size:  528360      File Time:  2016-07-16_054248
Version:
   Company:    Microsoft Corporation
   Product:    Microsoft® Windows® Operating System
   FileDesc:   COM+ Configuration Catalog
   FileVer:    2001.12.10941.16384
   ProdVer:    10.0.14393.0

Module 61
C:\WINDOWS\System32\ADVAPI32.dll
Image Base: 0x74860000  Image Size: 0x00077000
File Size:  482392      File Time:  2016-07-16_054250
Version:
   Company:    Microsoft Corporation
   Product:    Microsoft® Windows® Operating System
   FileDesc:   Advanced Windows 32 Base API
   FileVer:    10.0.14393.0
   ProdVer:    10.0.14393.0

Module 62
C:\WINDOWS\System32\SHELL32.dll
Image Base: 0x748f0000  Image Size: 0x013d9000
File Size:  20969928    File Time:  2016-11-02_050518
Version:
   Company:    Microsoft Corporation
   Product:    Microsoft® Windows® Operating System
   FileDesc:   Windows Shell Common Dll
   FileVer:    10.0.14393.447
   ProdVer:    10.0.14393.447

Module 63
C:\WINDOWS\System32\WS2_32.dll
Image Base: 0x75cd0000  Image Size: 0x00063000
File Size:  402352      File Time:  2016-10-23_110406
Version:
   Company:    Microsoft Corporation
   Product:    Microsoft® Windows® Operating System
   FileDesc:   Windows Socket 2.0 32-Bit DLL
   FileVer:    10.0.14393.206
   ProdVer:    10.0.14393.206

Module 64
C:\WINDOWS\System32\ole32.dll
Image Base: 0x75d40000  Image Size: 0x000ea000
File Size:  959112      File Time:  2016-11-02_050514
Version:
   Company:    Microsoft Corporation
   Product:    Microsoft® Windows® Operating System
   FileDesc:   Microsoft OLE for Windows
   FileVer:    10.0.14393.447
   ProdVer:    10.0.14393.447

Module 65
C:\WINDOWS\System32\msvcp_win.dll
Image Base: 0x75e90000  Image Size: 0x0007b000
File Size:  498408      File Time:  2016-07-16_054256
Version:
   Company:    Microsoft Corporation
   Product:    Microsoft® Windows® Operating System
   FileDesc:   Microsoft® C Runtime Library
   FileVer:    10.0.14393.0
   ProdVer:    10.0.14393.0

Module 66
C:\WINDOWS\System32\combase.dll
Image Base: 0x75f10000  Image Size: 0x00211000
File Size:  2166232     File Time:  2016-10-14_221802
Version:
   Company:    Microsoft Corporation
   Product:    Microsoft® Windows® Operating System
   FileDesc:   Microsoft COM for Windows
   FileVer:    10.0.14393.351
   ProdVer:    10.0.14393.351

Module 67
C:\WINDOWS\System32\RPCRT4.dll
Image Base: 0x76130000  Image Size: 0x000c1000
File Size:  790760      File Time:  2016-10-23_110406
Version:
   Company:    Microsoft Corporation
   Product:    Microsoft® Windows® Operating System
   FileDesc:   Remote Procedure Call Runtime
   FileVer:    10.0.14393.82
   ProdVer:    10.0.14393.82

Module 68
C:\WINDOWS\System32\msvcrt.dll
Image Base: 0x76200000  Image Size: 0x000be000
File Size:  773168      File Time:  2016-07-16_054250
Version:
   Company:    Microsoft Corporation
   Product:    Microsoft® Windows® Operating System
   FileDesc:   Windows NT CRT DLL
   FileVer:    7.0.14393.0
   ProdVer:    10.0.14393.0

Module 69
C:\WINDOWS\System32\PSAPI.DLL
Image Base: 0x76320000  Image Size: 0x00006000
File Size:  17048       File Time:  2016-07-16_054246
Version:
   Company:    Microsoft Corporation
   Product:    Microsoft® Windows® Operating System
   FileDesc:   Process Status Helper
   FileVer:    10.0.14393.0
   ProdVer:    10.0.14393.0

Module 70
C:\WINDOWS\System32\profapi.dll
Image Base: 0x76330000  Image Size: 0x0000f000
File Size:  54752       File Time:  2016-07-16_054250
Version:
   Company:    Microsoft Corporation
   Product:    Microsoft® Windows® Operating System
   FileDesc:   User Profile Basic API
   FileVer:    10.0.14393.0
   ProdVer:    10.0.14393.0

Module 71
C:\WINDOWS\System32\KERNELBASE.dll
Image Base: 0x76340000  Image Size: 0x001a1000
File Size:  1705976     File Time:  2016-10-23_110408
Version:
   Company:    Microsoft Corporation
   Product:    Microsoft® Windows® Operating System
   FileDesc:   Windows NT BASE API Client DLL
   FileVer:    10.0.14393.321
   ProdVer:    10.0.14393.321

Module 72
C:\WINDOWS\System32\gdi32full.dll
Image Base: 0x764f0000  Image Size: 0x0015b000
File Size:  1415744     File Time:  2016-11-02_050132
Version:
   Company:    Microsoft Corporation
   Product:    Microsoft® Windows® Operating System
   FileDesc:   GDI Client DLL
   FileVer:    10.0.14393.447
   ProdVer:    10.0.14393.447

Module 73
C:\WINDOWS\System32\win32u.dll
Image Base: 0x76650000  Image Size: 0x00015000
File Size:  79536       File Time:  2016-10-23_110400
Version:
   Company:    Microsoft Corporation
   Product:    Microsoft® Windows® Operating System
   FileDesc:   Win32u
   FileVer:    10.0.14393.51
   ProdVer:    10.0.14393.51

Module 74
C:\WINDOWS\System32\CRYPT32.dll
Image Base: 0x76670000  Image Size: 0x0017d000
File Size:  1556712     File Time:  2016-10-14_221840
Version:
   Company:    Microsoft Corporation
   Product:    Microsoft® Windows® Operating System
   FileDesc:   Crypto API32
   FileVer:    10.0.14393.351
   ProdVer:    10.0.14393.351

Module 75
C:\WINDOWS\System32\OLEAUT32.dll
Image Base: 0x767f0000  Image Size: 0x00094000
File Size:  601712      File Time:  2016-11-02_052300
Version:
   Company:    Microsoft Corporation
   Product:    Microsoft® Windows® Operating System
   FileDesc:   OLEAUT32.DLL
   FileVer:    10.0.14393.447
   ProdVer:    10.0.14393.447

Module 76
C:\WINDOWS\System32\MSASN1.dll
Image Base: 0x76890000  Image Size: 0x0000e000
File Size:  49080       File Time:  2016-07-16_054256
Version:
   Company:    Microsoft Corporation
   Product:    Microsoft® Windows® Operating System
   FileDesc:   ASN.1 Runtime APIs
   FileVer:    10.0.14393.0
   ProdVer:    10.0.14393.0

Module 77
C:\WINDOWS\System32\GDI32.dll
Image Base: 0x768a0000  Image Size: 0x0002b000
File Size:  170960      File Time:  2016-10-23_110402
Version:
   Company:    Microsoft Corporation
   Product:    Microsoft® Windows® Operating System
   FileDesc:   GDI Client DLL
   FileVer:    10.0.14393.206
   ProdVer:    10.0.14393.206

Module 78
C:\WINDOWS\System32\SETUPAPI.dll
Image Base: 0x76930000  Image Size: 0x0040b000
File Size:  4268368     File Time:  2016-07-16_054246
Version:
   Company:    Microsoft Corporation
   Product:    Microsoft® Windows® Operating System
   FileDesc:   Windows Setup API
   FileVer:    10.0.14393.0
   ProdVer:    10.0.14393.0

Module 79
C:\WINDOWS\System32\KERNEL32.DLL
Image Base: 0x76de0000  Image Size: 0x000e0000
File Size:  616048      File Time:  2016-07-16_054246
Version:
   Company:    Microsoft Corporation
   Product:    Microsoft® Windows® Operating System
   FileDesc:   Windows NT BASE API Client DLL
   FileVer:    10.0.14393.0
   ProdVer:    10.0.14393.0

Module 80
C:\WINDOWS\System32\SHLWAPI.dll
Image Base: 0x76ec0000  Image Size: 0x00046000
File Size:  284056      File Time:  2016-07-16_054304
Version:
   Company:    Microsoft Corporation
   Product:    Microsoft® Windows® Operating System
   FileDesc:   Shell Light-weight Utility Library
   FileVer:    10.0.14393.0
   ProdVer:    10.0.14393.0

Module 81
C:\WINDOWS\System32\sechost.dll
Image Base: 0x77000000  Image Size: 0x00041000
File Size:  255168      File Time:  2016-07-16_054250
Version:
   Company:    Microsoft Corporation
   Product:    Microsoft® Windows® Operating System
   FileDesc:   Host for SCM/SDDL/LSA Lookup APIs
   FileVer:    10.0.14393.0
   ProdVer:    10.0.14393.0

Module 82
C:\WINDOWS\System32\MSCTF.dll
Image Base: 0x77050000  Image Size: 0x00135000
File Size:  1263856     File Time:  2016-11-02_050122
Version:
   Company:    Microsoft Corporation
   Product:    Microsoft® Windows® Operating System
   FileDesc:   MSCTF Server DLL
   FileVer:    10.0.14393.447
   ProdVer:    10.0.14393.447

Module 83
C:\WINDOWS\System32\USER32.dll
Image Base: 0x77190000  Image Size: 0x0015f000
File Size:  1435896     File Time:  2016-10-14_221124
Version:
   Company:    Microsoft Corporation
   Product:    Microsoft® Windows® Operating System
   FileDesc:   Multi-User Windows USER API Client DLL
   FileVer:    10.0.14393.351
   ProdVer:    10.0.14393.351

Module 84
C:\WINDOWS\System32\wintrust.DLL
Image Base: 0x772f0000  Image Size: 0x00044000
File Size:  272720      File Time:  2016-10-14_221902
Version:
   Company:    Microsoft Corporation
   Product:    Microsoft® Windows® Operating System
   FileDesc:   Microsoft Trust Verification APIs
   FileVer:    10.0.14393.351
   ProdVer:    10.0.14393.351

Module 85
C:\WINDOWS\System32\IMM32.dll
Image Base: 0x77340000  Image Size: 0x00025000
File Size:  144632      File Time:  2016-07-16_054250
Version:
   Company:    Microsoft Corporation
   Product:    Microsoft® Windows® Operating System
   FileDesc:   Multi-User Windows IMM32 API Client DLL
   FileVer:    10.0.14393.0
   ProdVer:    10.0.14393.0

Module 86
C:\WINDOWS\System32\ucrtbase.dll
Image Base: 0x77370000  Image Size: 0x000e0000
File Size:  918304      File Time:  2016-07-16_054256
Version:
   Company:    Microsoft Corporation
   Product:    Microsoft® Windows® Operating System
   FileDesc:   Microsoft® C Runtime Library
   FileVer:    10.0.14393.0
   ProdVer:    10.0.14393.0

Module 87
C:\WINDOWS\System32\bcryptPrimitives.dll
Image Base: 0x77450000  Image Size: 0x0005a000
File Size:  367208      File Time:  2016-07-16_054228
Version:
   Company:    Microsoft Corporation
   Product:    Microsoft® Windows® Operating System
   FileDesc:   Windows Cryptographic Primitives Library
   FileVer:    10.0.14393.0
   ProdVer:    10.0.14393.0

Module 88
C:\WINDOWS\System32\NSI.dll
Image Base: 0x774b0000  Image Size: 0x00007000
File Size:  20152       File Time:  2016-07-16_054228
Version:
   Company:    Microsoft Corporation
   Product:    Microsoft® Windows® Operating System
   FileDesc:   NSI User-mode interface DLL
   FileVer:    10.0.14393.0
   ProdVer:    10.0.14393.0

Module 89
C:\WINDOWS\System32\kernel.appcore.dll
Image Base: 0x77630000  Image Size: 0x0000d000
File Size:  43416       File Time:  2016-07-16_054256
Version:
   Company:    Microsoft Corporation
   Product:    Microsoft® Windows® Operating System
   FileDesc:   AppModel API Host
   FileVer:    10.0.14393.0
   ProdVer:    10.0.14393.0

Module 90
C:\WINDOWS\System32\imagehlp.dll
Image Base: 0x77640000  Image Size: 0x00019000
File Size:  93984       File Time:  2016-07-16_054228
Version:
   Company:    Microsoft Corporation
   Product:    Microsoft® Windows® Operating System
   FileDesc:   Windows NT Image Helper
   FileVer:    10.0.14393.0
   ProdVer:    10.0.14393.0

Module 91
C:\WINDOWS\SYSTEM32\ntdll.dll
Image Base: 0x77660000  Image Size: 0x00182000
File Size:  1570672     File Time:  2016-11-02_052300
Version:
   Company:    Microsoft Corporation
   Product:    Microsoft® Windows® Operating System
   FileDesc:   NT Layer DLL
   FileVer:    10.0.14393.447
   ProdVer:    10.0.14393.447


== [end of error.log] ==
